<?xml version="1.0" encoding="UTF-8"?>
<!-- Generated by org.testng.reporters.JUnitXMLReporter -->
<testsuite ignored="3" hostname="iftikhar--pc" failures="0" tests="4" name="Test" time="21.877" errors="0" timestamp="2023-06-24T12:58:20 IST">
  <testcase classname="Trello.TrelloAPI" name="Boards" time="17.495"/>
  <testcase classname="Trello.SimpleBooks" name="Authenticate" time="1.535"/>
  <testcase classname="Trello.SimpleBooks" name="createOrder" time="1.299"/>
  <testcase classname="Trello.SimpleBooks" name="DeleteOrder" time="1.516"/>
  <testcase classname="Trello.TrelloAPI" name="CreateBoard" time="0.0">
    <ignored/>
  </testcase> <!-- CreateBoard -->
  <testcase classname="Trello.TrelloAPI" name="DeleteBoard" time="0.0">
    <ignored/>
  </testcase> <!-- DeleteBoard -->
  <testcase classname="Trello.TrelloAPI" name="GetBoard" time="0.0">
    <ignored/>
  </testcase> <!-- GetBoard -->
</testsuite> <!-- Test -->
