<?xml version="1.0" encoding="UTF-8"?>
<!-- Generated by org.testng.reporters.JUnitXMLReporter -->
<testsuite ignored="0" hostname="iftikhar--pc" failures="0" tests="3" name="Default test" time="6.122" errors="0" timestamp="2023-06-24T12:32:51 IST">
  <testcase classname="Trello.SimpleBooks" name="Authenticate" time="3.195"/>
  <testcase classname="Trello.SimpleBooks" name="createOrder" time="1.495"/>
  <testcase classname="Trello.SimpleBooks" name="DeleteOrder" time="1.377"/>
</testsuite> <!-- Default test -->
