<?xml version="1.0" encoding="UTF-8"?>
<testsuite xmlns:xsi="http://www.w3.org/2001/XMLSchema-instance" xsi:noNamespaceSchemaLocation="https://maven.apache.org/surefire/maven-surefire-plugin/xsd/surefire-test-report-3.0.xsd" version="3.0" name="TestSuite" time="22.345" tests="4" errors="0" skipped="0" failures="0">
  <properties>
[...]
</properties>
  <testcase name="Boards" classname="Trello.TrelloAPI" time="17.498">
    <system-out><![CDATA[IfthyAPI
64969b0080d188f5a47133bc
{"id":"64969b0080d188f5a47133bc","name":"IfthyAPI","desc":"","descData":null,"closed":false,"idOrganization":"64855d2f4d2b31fc7cc0995c","idEnterprise":null,"pinned":false,"url":"https://trello.com/b/uQx6XyBm/ifthyapi","shortUrl":"https://trello.com/b/uQx6XyBm","prefs":{"permissionLevel":"private","hideVotes":false,"voting":"disabled","comments":"members","invitations":"members","selfJoin":true,"cardCovers":true,"isTemplate":false,"cardAging":"regular","calendarFeedEnabled":false,"hiddenPluginBoardButtons":[],"switcherViews":[{"viewType":"Board","enabled":true,"_id":"64969b0080d188f5a47133bd"},{"viewType":"Table","enabled":true,"_id":"64969b0080d188f5a47133be"},{"viewType":"Calendar","enabled":false,"_id":"64969b0080d188f5a47133bf"},{"viewType":"Dashboard","enabled":false,"_id":"64969b0080d188f5a47133c0"},{"viewType":"Timeline","enabled":false,"_id":"64969b0080d188f5a47133c1"},{"viewType":"Map","enabled":false,"_id":"64969b0080d188f5a47133c2"}],"background":"blue","backgroundColor":"#0079BF","backgroundImage":null,"backgroundImageScaled":null,"backgroundTile":false,"backgroundBrightness":"dark","backgroundBottomColor":"#0079BF","backgroundTopColor":"#0079BF","canBePublic":true,"canBeEnterprise":true,"canBeOrg":true,"canBePrivate":true,"canInvite":true},"labelNames":{"green":"","yellow":"","orange":"","red":"","purple":"","blue":"","sky":"","lime":"","pink":"","black":"","green_dark":"","yellow_dark":"","orange_dark":"","red_dark":"","purple_dark":"","blue_dark":"","sky_dark":"","lime_dark":"","pink_dark":"","black_dark":"","green_light":"","yellow_light":"","orange_light":"","red_light":"","purple_light":"","blue_light":"","sky_light":"","lime_light":"","pink_light":"","black_light":""}}
{"_value":null}

SayeeAPI
64969b03094fef338d574657
{"id":"64969b03094fef338d574657","name":"SayeeAPI","desc":"","descData":null,"closed":false,"idOrganization":"64855d2f4d2b31fc7cc0995c","idEnterprise":null,"pinned":false,"url":"https://trello.com/b/qL2mqFdr/sayeeapi","shortUrl":"https://trello.com/b/qL2mqFdr","prefs":{"permissionLevel":"private","hideVotes":false,"voting":"disabled","comments":"members","invitations":"members","selfJoin":true,"cardCovers":true,"isTemplate":false,"cardAging":"regular","calendarFeedEnabled":false,"hiddenPluginBoardButtons":[],"switcherViews":[{"viewType":"Board","enabled":true,"_id":"64969b03094fef338d574658"},{"viewType":"Table","enabled":true,"_id":"64969b03094fef338d574659"},{"viewType":"Calendar","enabled":false,"_id":"64969b03094fef338d57465a"},{"viewType":"Dashboard","enabled":false,"_id":"64969b03094fef338d57465b"},{"viewType":"Timeline","enabled":false,"_id":"64969b03094fef338d57465c"},{"viewType":"Map","enabled":false,"_id":"64969b03094fef338d57465d"}],"background":"blue","backgroundColor":"#0079BF","backgroundImage":null,"backgroundImageScaled":null,"backgroundTile":false,"backgroundBrightness":"dark","backgroundBottomColor":"#0079BF","backgroundTopColor":"#0079BF","canBePublic":true,"canBeEnterprise":true,"canBeOrg":true,"canBePrivate":true,"canInvite":true},"labelNames":{"green":"","yellow":"","orange":"","red":"","purple":"","blue":"","sky":"","lime":"","pink":"","black":"","green_dark":"","yellow_dark":"","orange_dark":"","red_dark":"","purple_dark":"","blue_dark":"","sky_dark":"","lime_dark":"","pink_dark":"","black_dark":"","green_light":"","yellow_light":"","orange_light":"","red_light":"","purple_light":"","blue_light":"","sky_light":"","lime_light":"","pink_light":"","black_light":""}}
{"_value":null}

JawathAPI
64969b06f8ee7acfe04f7978
{"id":"64969b06f8ee7acfe04f7978","name":"JawathAPI","desc":"","descData":null,"closed":false,"idOrganization":"64855d2f4d2b31fc7cc0995c","idEnterprise":null,"pinned":false,"url":"https://trello.com/b/FZSlSKIz/jawathapi","shortUrl":"https://trello.com/b/FZSlSKIz","prefs":{"permissionLevel":"private","hideVotes":false,"voting":"disabled","comments":"members","invitations":"members","selfJoin":true,"cardCovers":true,"isTemplate":false,"cardAging":"regular","calendarFeedEnabled":false,"hiddenPluginBoardButtons":[],"switcherViews":[{"viewType":"Board","enabled":true,"_id":"64969b06f8ee7acfe04f7979"},{"viewType":"Table","enabled":true,"_id":"64969b06f8ee7acfe04f797a"},{"viewType":"Calendar","enabled":false,"_id":"64969b06f8ee7acfe04f797b"},{"viewType":"Dashboard","enabled":false,"_id":"64969b06f8ee7acfe04f797c"},{"viewType":"Timeline","enabled":false,"_id":"64969b06f8ee7acfe04f797d"},{"viewType":"Map","enabled":false,"_id":"64969b06f8ee7acfe04f797e"}],"background":"blue","backgroundColor":"#0079BF","backgroundImage":null,"backgroundImageScaled":null,"backgroundTile":false,"backgroundBrightness":"dark","backgroundBottomColor":"#0079BF","backgroundTopColor":"#0079BF","canBePublic":true,"canBeEnterprise":true,"canBeOrg":true,"canBePrivate":true,"canInvite":true},"labelNames":{"green":"","yellow":"","orange":"","red":"","purple":"","blue":"","sky":"","lime":"","pink":"","black":"","green_dark":"","yellow_dark":"","orange_dark":"","red_dark":"","purple_dark":"","blue_dark":"","sky_dark":"","lime_dark":"","pink_dark":"","black_dark":"","green_light":"","yellow_light":"","orange_light":"","red_light":"","purple_light":"","blue_light":"","sky_light":"","lime_light":"","pink_light":"","black_light":""}}
{"_value":null}

ArhamAPI
64969b08d49d75607f0f6c80
{"id":"64969b08d49d75607f0f6c80","name":"ArhamAPI","desc":"","descData":null,"closed":false,"idOrganization":"64855d2f4d2b31fc7cc0995c","idEnterprise":null,"pinned":false,"url":"https://trello.com/b/3eMfR0YH/arhamapi","shortUrl":"https://trello.com/b/3eMfR0YH","prefs":{"permissionLevel":"private","hideVotes":false,"voting":"disabled","comments":"members","invitations":"members","selfJoin":true,"cardCovers":true,"isTemplate":false,"cardAging":"regular","calendarFeedEnabled":false,"hiddenPluginBoardButtons":[],"switcherViews":[{"viewType":"Board","enabled":true,"_id":"64969b08d49d75607f0f6c81"},{"viewType":"Table","enabled":true,"_id":"64969b08d49d75607f0f6c82"},{"viewType":"Calendar","enabled":false,"_id":"64969b08d49d75607f0f6c83"},{"viewType":"Dashboard","enabled":false,"_id":"64969b08d49d75607f0f6c84"},{"viewType":"Timeline","enabled":false,"_id":"64969b08d49d75607f0f6c85"},{"viewType":"Map","enabled":false,"_id":"64969b08d49d75607f0f6c86"}],"background":"blue","backgroundColor":"#0079BF","backgroundImage":null,"backgroundImageScaled":null,"backgroundTile":false,"backgroundBrightness":"dark","backgroundBottomColor":"#0079BF","backgroundTopColor":"#0079BF","canBePublic":true,"canBeEnterprise":true,"canBeOrg":true,"canBePrivate":true,"canInvite":true},"labelNames":{"green":"","yellow":"","orange":"","red":"","purple":"","blue":"","sky":"","lime":"","pink":"","black":"","green_dark":"","yellow_dark":"","orange_dark":"","red_dark":"","purple_dark":"","blue_dark":"","sky_dark":"","lime_dark":"","pink_dark":"","black_dark":"","green_light":"","yellow_light":"","orange_light":"","red_light":"","purple_light":"","blue_light":"","sky_light":"","lime_light":"","pink_light":"","black_light":""}}
{"_value":null}

MahdiAPI
64969b0b8d8562a567a02ca9
{"id":"64969b0b8d8562a567a02ca9","name":"MahdiAPI","desc":"","descData":null,"closed":false,"idOrganization":"64855d2f4d2b31fc7cc0995c","idEnterprise":null,"pinned":false,"url":"https://trello.com/b/4XoXHKNo/mahdiapi","shortUrl":"https://trello.com/b/4XoXHKNo","prefs":{"permissionLevel":"private","hideVotes":false,"voting":"disabled","comments":"members","invitations":"members","selfJoin":true,"cardCovers":true,"isTemplate":false,"cardAging":"regular","calendarFeedEnabled":false,"hiddenPluginBoardButtons":[],"switcherViews":[{"viewType":"Board","enabled":true,"_id":"64969b0b8d8562a567a02caa"},{"viewType":"Table","enabled":true,"_id":"64969b0b8d8562a567a02cab"},{"viewType":"Calendar","enabled":false,"_id":"64969b0b8d8562a567a02cac"},{"viewType":"Dashboard","enabled":false,"_id":"64969b0b8d8562a567a02cad"},{"viewType":"Timeline","enabled":false,"_id":"64969b0b8d8562a567a02cae"},{"viewType":"Map","enabled":false,"_id":"64969b0b8d8562a567a02caf"}],"background":"blue","backgroundColor":"#0079BF","backgroundImage":null,"backgroundImageScaled":null,"backgroundTile":false,"backgroundBrightness":"dark","backgroundBottomColor":"#0079BF","backgroundTopColor":"#0079BF","canBePublic":true,"canBeEnterprise":true,"canBeOrg":true,"canBePrivate":true,"canInvite":true},"labelNames":{"green":"","yellow":"","orange":"","red":"","purple":"","blue":"","sky":"","lime":"","pink":"","black":"","green_dark":"","yellow_dark":"","orange_dark":"","red_dark":"","purple_dark":"","blue_dark":"","sky_dark":"","lime_dark":"","pink_dark":"","black_dark":"","green_light":"","yellow_light":"","orange_light":"","red_light":"","purple_light":"","blue_light":"","sky_light":"","lime_light":"","pink_light":"","black_light":""}}
{"_value":null}

isaAPI
64969b0df8fcda758bab94d8
{"id":"64969b0df8fcda758bab94d8","name":"isaAPI","desc":"","descData":null,"closed":false,"idOrganization":"64855d2f4d2b31fc7cc0995c","idEnterprise":null,"pinned":false,"url":"https://trello.com/b/VmrkA2Sg/isaapi","shortUrl":"https://trello.com/b/VmrkA2Sg","prefs":{"permissionLevel":"private","hideVotes":false,"voting":"disabled","comments":"members","invitations":"members","selfJoin":true,"cardCovers":true,"isTemplate":false,"cardAging":"regular","calendarFeedEnabled":false,"hiddenPluginBoardButtons":[],"switcherViews":[{"viewType":"Board","enabled":true,"_id":"64969b0df8fcda758bab94d9"},{"viewType":"Table","enabled":true,"_id":"64969b0df8fcda758bab94da"},{"viewType":"Calendar","enabled":false,"_id":"64969b0df8fcda758bab94db"},{"viewType":"Dashboard","enabled":false,"_id":"64969b0df8fcda758bab94dc"},{"viewType":"Timeline","enabled":false,"_id":"64969b0df8fcda758bab94dd"},{"viewType":"Map","enabled":false,"_id":"64969b0df8fcda758bab94de"}],"background":"blue","backgroundColor":"#0079BF","backgroundImage":null,"backgroundImageScaled":null,"backgroundTile":false,"backgroundBrightness":"dark","backgroundBottomColor":"#0079BF","backgroundTopColor":"#0079BF","canBePublic":true,"canBeEnterprise":true,"canBeOrg":true,"canBePrivate":true,"canInvite":true},"labelNames":{"green":"","yellow":"","orange":"","red":"","purple":"","blue":"","sky":"","lime":"","pink":"","black":"","green_dark":"","yellow_dark":"","orange_dark":"","red_dark":"","purple_dark":"","blue_dark":"","sky_dark":"","lime_dark":"","pink_dark":"","black_dark":"","green_light":"","yellow_light":"","orange_light":"","red_light":"","purple_light":"","blue_light":"","sky_light":"","lime_light":"","pink_light":"","black_light":""}}
{"_value":null}

]]></system-out>
    <system-err><![CDATA[SLF4J: Failed to load class "org.slf4j.impl.StaticLoggerBinder".
SLF4J: Defaulting to no-operation (NOP) logger implementation
SLF4J: See http://www.slf4j.org/codes.html#StaticLoggerBinder for further details.
ERROR StatusLogger Log4j2 could not find a logging implementation. Please add log4j-core to the classpath. Using SimpleLogger to log to the console...
]]></system-err>
  </testcase>
  <testcase name="Authenticate" classname="Trello.SimpleBooks" time="1.532">
    <system-out><![CDATA[{"accessToken":"ff5a730d69ee0299d8aad20829e248c14436b340e01ed720fdcc9fbbefb91312"}
]]></system-out>
  </testcase>
  <testcase name="createOrder" classname="Trello.SimpleBooks" time="1.3">
    <system-out><![CDATA[{"created":true,"orderId":"g8Aru2MbrSdd8ALWR-gga"}
]]></system-out>
  </testcase>
  <testcase name="DeleteOrder" classname="Trello.SimpleBooks" time="1.517">
    <system-out><![CDATA[
]]></system-out>
  </testcase>
</testsuite>