<?xml version="1.0" encoding="UTF-8"?>
<testng-results ignored="3" total="7" passed="4" failed="0" skipped="0">
  <reporter-output>
  </reporter-output>
  <suite started-at="2023-06-24T12:57:58 IST" name="Suite" finished-at="2023-06-24T12:58:20 IST" duration-ms="21877">
    <groups>
    </groups>
    <test started-at="2023-06-24T12:57:58 IST" name="Test" finished-at="2023-06-24T12:58:20 IST" duration-ms="21877">
      <class name="Trello.SimpleBooks">
        <test-method signature="Authenticate()[pri:0, instance:Trello.SimpleBooks@10e92f8f]" started-at="2023-06-24T12:58:16 IST" name="Authenticate" finished-at="2023-06-24T12:58:17 IST" duration-ms="1535" status="PASS">
          <reporter-output>
          </reporter-output>
        </test-method> <!-- Authenticate -->
        <test-method signature="createOrder()[pri:1, instance:Trello.SimpleBooks@10e92f8f]" started-at="2023-06-24T12:58:17 IST" name="createOrder" finished-at="2023-06-24T12:58:18 IST" duration-ms="1299" status="PASS">
          <reporter-output>
          </reporter-output>
        </test-method> <!-- createOrder -->
        <test-method signature="DeleteOrder()[pri:2, instance:Trello.SimpleBooks@10e92f8f]" started-at="2023-06-24T12:58:18 IST" name="DeleteOrder" finished-at="2023-06-24T12:58:20 IST" duration-ms="1516" status="PASS">
          <reporter-output>
          </reporter-output>
        </test-method> <!-- DeleteOrder -->
      </class> <!-- Trello.SimpleBooks -->
      <class name="Trello.TrelloAPI">
        <test-method signature="Boards()[pri:0, instance:Trello.TrelloAPI@3aefe5e5]" started-at="2023-06-24T12:57:58 IST" name="Boards" finished-at="2023-06-24T12:58:16 IST" duration-ms="17495" status="PASS">
          <reporter-output>
          </reporter-output>
        </test-method> <!-- Boards -->
      </class> <!-- Trello.TrelloAPI -->
    </test> <!-- Test -->
  </suite> <!-- Suite -->
</testng-results>
